Arguments: 
  /home/wisead/.nvm/versions/node/v16.19.0/bin/node /usr/bin/yarn

PATH: 
  /home/wisead/.nvm/versions/node/v16.19.0/bin:/home/wisead/.local/share/pnpm:/usr/local/sbin:/usr/local/bin:/usr/sbin:/usr/bin:/sbin:/bin:/usr/games:/usr/local/games:/snap/bin:/home/wisead/Android/Sdk/tools:/home/wisead/Android/Sdk/platform-tools:/home/wisead/Android/Sdk/build-tools:/home/wisead/Android/Sdk/platforms:/home/wisead/.local/share/JetBrains/Toolbox/scripts:/home/wisead/Рабочий стол/projects/nervue/node_modules/.bin:/home/wisead/Android/Sdk/tools:/home/wisead/Android/Sdk/platform-tools:/home/wisead/Android/Sdk/build-tools:/home/wisead/Android/Sdk/platforms

Yarn version: 
  1.22.17

Node version: 
  16.19.0

Platform: 
  linux x64

Trace: 
  Error: ENOENT: no such file or directory, copyfile '/home/wisead/.cache/yarn/v6/npm-glob-8.0.3-415c6eb2deed9e502c68fa44a272e6da6eeca42e-integrity/node_modules/glob/LICENSE' -> '/home/wisead/Рабочий стол/projects/nervue/node_modules/@rollup/plugin-commonjs/node_modules/glob/LICENSE'

npm manifest: 
  {
    "name": "@nervue/root",
    "packageManager": "pnpm@7.9.0",
    "private": true,
    "type": "module",
    "workspaces": [
      "packages/*"
    ],
    "scripts": {
      "dev": "pnpm run -r dev",
      "dev:nuxt": "pnpm run -r dev:nuxt",
      "test": "pnpm run -r test",
      "docs:dev": "pnpm run -r docs:dev",
      "docs:build": "pnpm run -r docs:build",
      "docs:serve": "pnpm run -r docs:serve",
      "lint": "eslint --ext .ts, packages/nervue/src",
      "lint:editor": "editorconfig-checker",
      "prepare": "husky install",
      "build": "rollup --bundleConfigAsCjs -c ./rollup.config.js",
      "build:nuxt": "pnpm run -r build:nuxt",
      "build:all": "npm run build && pnpm run -r build:dts && node scripts/rm-temps.mjs",
      "build:pages": "gh-pages -d ./packages/docs/.vuepress/dist",
      "deploy:docs": "npm run docs:build && npm run build:pages"
    },
    "devDependencies": {
      "@babel/core": "^7.20.7",
      "@babel/preset-env": "^7.20.2",
      "@babel/preset-typescript": "^7.18.6",
      "@rollup/plugin-commonjs": "^23.0.7",
      "@rollup/plugin-node-resolve": "^15.0.1",
      "@rollup/plugin-replace": "^5.0.2",
      "@types/jest": "^27.5.2",
      "@vue/compiler-sfc": "^3.2.45",
      "@vue/test-utils": "^2.2.6",
      "@vuepress/client": "2.0.0-beta.53",
      "babel-jest": "^26.6.3",
      "editorconfig-checker": "^4.0.2",
      "eslint": "^7.32.0",
      "eslint-loader": "^4.0.2",
      "eslint-plugin-vue": "^8.7.1",
      "gh-pages": "^4.0.0",
      "husky": "^8.0.2",
      "jest": "^26.6.3",
      "jest-serializer-html": "^7.1.0",
      "path": "^0.12.7",
      "regenerator-runtime": "^0.13.11",
      "rimraf": "^3.0.2",
      "rollup": "^3.9.0",
      "rollup-plugin-terser": "^7.0.2",
      "rollup-plugin-typescript2": "^0.34.1",
      "ts-jest": "^26.5.6",
      "typescript": "^4.9.4",
      "vue": "^3.2.45",
      "vue-jest": "5.0.0-alpha.10"
    }
  }

yarn manifest: 
  No manifest

Lockfile: 
  No lockfile
